=== Snake RL Training Log ===
Started: 2026-05-30 14:41:10
Log file: logs/training_20260530_144110.log
========================================
Hyperparameters:
  Grid: 20x20
  Network: 11 → 256 → 3
  LR: 0.001, Gamma: 0.9
  Epsilon: 1.0 → 0.01 (decay=0.99)
  Batch: 1000, Memory: 100000
  Rewards: eat=10, die=-10, step=0
========================================
Training dimulai! Tekan Ctrl+C atau tutup window untuk berhenti.

[Episode    1] Score:   0 | Record:   0 | Mean:   0.00 | Epsilon: 0.9900 | Memory:    166
[Episode    2] Score:   0 | Record:   0 | Mean:   0.00 | Epsilon: 0.9801 | Memory:    262
[Episode    3] Score:   1 | Record:   1 | Mean:   0.33 | Epsilon: 0.9703 | Memory:    337
[Episode    4] Score:   0 | Record:   1 | Mean:   0.25 | Epsilon: 0.9606 | Memory:    436
[Episode    5] Score:   1 | Record:   1 | Mean:   0.40 | Epsilon: 0.9510 | Memory:    518
[Episode    6] Score:   0 | Record:   1 | Mean:   0.33 | Epsilon: 0.9415 | Memory:    571
[Episode    7] Score:   0 | Record:   1 | Mean:   0.29 | Epsilon: 0.9321 | Memory:    615
[Episode    8] Score:   0 | Record:   1 | Mean:   0.25 | Epsilon: 0.9227 | Memory:    652
[Episode    9] Score:   0 | Record:   1 | Mean:   0.22 | Epsilon: 0.9135 | Memory:    715
[Episode   10] Score:   0 | Record:   1 | Mean:   0.20 | Epsilon: 0.9044 | Memory:    746
[Episode   11] Score:   0 | Record:   1 | Mean:   0.18 | Epsilon: 0.8953 | Memory:    796
[Episode   12] Score:   0 | Record:   1 | Mean:   0.17 | Epsilon: 0.8864 | Memory:    833
[Episode   13] Score:   0 | Record:   1 | Mean:   0.15 | Epsilon: 0.8775 | Memory:    866
[Episode   14] Score:   0 | Record:   1 | Mean:   0.14 | Epsilon: 0.8687 | Memory:    896
[Episode   15] Score:   0 | Record:   1 | Mean:   0.13 | Epsilon: 0.8601 | Memory:    937
[Episode   16] Score:   0 | Record:   1 | Mean:   0.12 | Epsilon: 0.8515 | Memory:   1055
[Episode   17] Score:   0 | Record:   1 | Mean:   0.12 | Epsilon: 0.8429 | Memory:   1096
[Episode   18] Score:   0 | Record:   1 | Mean:   0.11 | Epsilon: 0.8345 | Memory:   1131
[Episode   19] Score:   1 | Record:   1 | Mean:   0.16 | Epsilon: 0.8262 | Memory:   1165
[Episode   20] Score:   0 | Record:   1 | Mean:   0.15 | Epsilon: 0.8179 | Memory:   1298
[Episode   21] Score:   0 | Record:   1 | Mean:   0.14 | Epsilon: 0.8097 | Memory:   1350
[Episode   22] Score:   0 | Record:   1 | Mean:   0.14 | Epsilon: 0.8016 | Memory:   1454
[Episode   23] Score:   0 | Record:   1 | Mean:   0.13 | Epsilon: 0.7936 | Memory:   1517
[Episode   24] Score:   0 | Record:   1 | Mean:   0.12 | Epsilon: 0.7857 | Memory:   1598
[Episode   25] Score:   0 | Record:   1 | Mean:   0.12 | Epsilon: 0.7778 | Memory:   1677
[Episode   26] Score:   0 | Record:   1 | Mean:   0.12 | Epsilon: 0.7700 | Memory:   1710
[Episode   27] Score:   0 | Record:   1 | Mean:   0.11 | Epsilon: 0.7623 | Memory:   1751
[Episode   28] Score:   0 | Record:   1 | Mean:   0.11 | Epsilon: 0.7547 | Memory:   1901
[Episode   29] Score:   0 | Record:   1 | Mean:   0.10 | Epsilon: 0.7472 | Memory:   1923
[Episode   30] Score:   0 | Record:   1 | Mean:   0.10 | Epsilon: 0.7397 | Memory:   1953
[Episode   31] Score:   1 | Record:   1 | Mean:   0.13 | Epsilon: 0.7323 | Memory:   1987
[Episode   32] Score:   0 | Record:   1 | Mean:   0.12 | Epsilon: 0.7250 | Memory:   2075
[Episode   33] Score:   0 | Record:   1 | Mean:   0.12 | Epsilon: 0.7177 | Memory:   2126
[Episode   34] Score:   0 | Record:   1 | Mean:   0.12 | Epsilon: 0.7106 | Memory:   2194
[Episode   35] Score:   0 | Record:   1 | Mean:   0.11 | Epsilon: 0.7034 | Memory:   2212
[Episode   36] Score:   0 | Record:   1 | Mean:   0.11 | Epsilon: 0.6964 | Memory:   2259
[Episode   37] Score:   0 | Record:   1 | Mean:   0.11 | Epsilon: 0.6894 | Memory:   2361
[Episode   38] Score:   1 | Record:   1 | Mean:   0.13 | Epsilon: 0.6826 | Memory:   2396
[Episode   39] Score:   0 | Record:   1 | Mean:   0.13 | Epsilon: 0.6757 | Memory:   2481
[Episode   40] Score:   0 | Record:   1 | Mean:   0.12 | Epsilon: 0.6690 | Memory:   2553
[Episode   41] Score:   0 | Record:   1 | Mean:   0.12 | Epsilon: 0.6623 | Memory:   2601
[Episode   42] Score:   2 | Record:   2 | Mean:   0.17 | Epsilon: 0.6557 | Memory:   2675
[Episode   43] Score:   0 | Record:   2 | Mean:   0.16 | Epsilon: 0.6491 | Memory:   2768
[Episode   44] Score:   0 | Record:   2 | Mean:   0.16 | Epsilon: 0.6426 | Memory:   2858
[Episode   45] Score:   0 | Record:   2 | Mean:   0.16 | Epsilon: 0.6362 | Memory:   2897
[Episode   46] Score:   0 | Record:   2 | Mean:   0.15 | Epsilon: 0.6298 | Memory:   2927
[Episode   47] Score:   0 | Record:   2 | Mean:   0.15 | Epsilon: 0.6235 | Memory:   3070
[Episode   48] Score:   1 | Record:   2 | Mean:   0.17 | Epsilon: 0.6173 | Memory:   3226
[Episode   49] Score:   0 | Record:   2 | Mean:   0.16 | Epsilon: 0.6111 | Memory:   3328
[Episode   50] Score:   1 | Record:   2 | Mean:   0.18 | Epsilon: 0.6050 | Memory:   3363
[Episode   51] Score:   0 | Record:   2 | Mean:   0.18 | Epsilon: 0.5990 | Memory:   3447
[Episode   52] Score:   0 | Record:   2 | Mean:   0.17 | Epsilon: 0.5930 | Memory:   3602
[Episode   53] Score:   1 | Record:   2 | Mean:   0.19 | Epsilon: 0.5870 | Memory:   3730
[Episode   54] Score:   0 | Record:   2 | Mean:   0.19 | Epsilon: 0.5812 | Memory:   3764
[Episode   55] Score:   0 | Record:   2 | Mean:   0.18 | Epsilon: 0.5754 | Memory:   3810
[Episode   56] Score:   0 | Record:   2 | Mean:   0.18 | Epsilon: 0.5696 | Memory:   3828
[Episode   57] Score:   0 | Record:   2 | Mean:   0.18 | Epsilon: 0.5639 | Memory:   3926
[Episode   58] Score:   0 | Record:   2 | Mean:   0.17 | Epsilon: 0.5583 | Memory:   3946
[Episode   59] Score:   1 | Record:   2 | Mean:   0.19 | Epsilon: 0.5527 | Memory:   3968
[Episode   60] Score:   0 | Record:   2 | Mean:   0.18 | Epsilon: 0.5472 | Memory:   4005
[Episode   61] Score:   0 | Record:   2 | Mean:   0.18 | Epsilon: 0.5417 | Memory:   4183
[Episode   62] Score:   0 | Record:   2 | Mean:   0.18 | Epsilon: 0.5363 | Memory:   4220
[Episode   63] Score:   0 | Record:   2 | Mean:   0.17 | Epsilon: 0.5309 | Memory:   4268
[Episode   64] Score:   1 | Record:   2 | Mean:   0.19 | Epsilon: 0.5256 | Memory:   4291
[Episode   65] Score:   0 | Record:   2 | Mean:   0.18 | Epsilon: 0.5203 | Memory:   4354
[Episode   66] Score:   1 | Record:   2 | Mean:   0.20 | Epsilon: 0.5151 | Memory:   4463
[Episode   67] Score:   0 | Record:   2 | Mean:   0.19 | Epsilon: 0.5100 | Memory:   4511
[Episode   68] Score:   1 | Record:   2 | Mean:   0.21 | Epsilon: 0.5049 | Memory:   4616
[Episode   69] Score:   0 | Record:   2 | Mean:   0.20 | Epsilon: 0.4998 | Memory:   4667
[Episode   70] Score:   0 | Record:   2 | Mean:   0.20 | Epsilon: 0.4948 | Memory:   4704
[Episode   71] Score:   1 | Record:   2 | Mean:   0.21 | Epsilon: 0.4899 | Memory:   4880
[Episode   72] Score:   1 | Record:   2 | Mean:   0.22 | Epsilon: 0.4850 | Memory:   4963
[Episode   73] Score:   0 | Record:   2 | Mean:   0.22 | Epsilon: 0.4801 | Memory:   5168
[Episode   74] Score:   1 | Record:   2 | Mean:   0.23 | Epsilon: 0.4753 | Memory:   5188
[Episode   75] Score:   0 | Record:   2 | Mean:   0.23 | Epsilon: 0.4706 | Memory:   5235
[Episode   76] Score:   1 | Record:   2 | Mean:   0.24 | Epsilon: 0.4659 | Memory:   5391
[Episode   77] Score:   1 | Record:   2 | Mean:   0.25 | Epsilon: 0.4612 | Memory:   5436
[Episode   78] Score:   0 | Record:   2 | Mean:   0.24 | Epsilon: 0.4566 | Memory:   5454
[Episode   79] Score:   0 | Record:   2 | Mean:   0.24 | Epsilon: 0.4520 | Memory:   5478
[Episode   80] Score:   0 | Record:   2 | Mean:   0.24 | Epsilon: 0.4475 | Memory:   5528
[Episode   81] Score:   0 | Record:   2 | Mean:   0.23 | Epsilon: 0.4430 | Memory:   5567
[Episode   82] Score:   0 | Record:   2 | Mean:   0.23 | Epsilon: 0.4386 | Memory:   5589
[Episode   83] Score:   1 | Record:   2 | Mean:   0.24 | Epsilon: 0.4342 | Memory:   5721
[Episode   84] Score:   0 | Record:   2 | Mean:   0.24 | Epsilon: 0.4299 | Memory:   5823
[Episode   85] Score:   0 | Record:   2 | Mean:   0.24 | Epsilon: 0.4256 | Memory:   5858
[Episode   86] Score:   2 | Record:   2 | Mean:   0.26 | Epsilon: 0.4213 | Memory:   5915
[Episode   87] Score:   0 | Record:   2 | Mean:   0.25 | Epsilon: 0.4171 | Memory:   5992
[Episode   88] Score:   1 | Record:   2 | Mean:   0.26 | Epsilon: 0.4129 | Memory:   6024
[Episode   89] Score:   0 | Record:   2 | Mean:   0.26 | Epsilon: 0.4088 | Memory:   6085
[Episode   90] Score:   0 | Record:   2 | Mean:   0.26 | Epsilon: 0.4047 | Memory:   6146
[Episode   91] Score:   0 | Record:   2 | Mean:   0.25 | Epsilon: 0.4007 | Memory:   6175
[Episode   92] Score:   0 | Record:   2 | Mean:   0.25 | Epsilon: 0.3967 | Memory:   6328
[Episode   93] Score:   2 | Record:   2 | Mean:   0.27 | Epsilon: 0.3927 | Memory:   6486
[Episode   94] Score:   1 | Record:   2 | Mean:   0.28 | Epsilon: 0.3888 | Memory:   6562
[Episode   95] Score:   1 | Record:   2 | Mean:   0.28 | Epsilon: 0.3849 | Memory:   6663
[Episode   96] Score:   1 | Record:   2 | Mean:   0.29 | Epsilon: 0.3810 | Memory:   6718
[Episode   97] Score:   1 | Record:   2 | Mean:   0.30 | Epsilon: 0.3772 | Memory:   6861
[Episode   98] Score:   3 | Record:   3 | Mean:   0.33 | Epsilon: 0.3735 | Memory:   6987
[Episode   99] Score:   0 | Record:   3 | Mean:   0.32 | Epsilon: 0.3697 | Memory:   7035
[Episode  100] Score:   0 | Record:   3 | Mean:   0.32 | Epsilon: 0.3660 | Memory:   7121
[Episode  101] Score:   0 | Record:   3 | Mean:   0.32 | Epsilon: 0.3624 | Memory:   7133
[Episode  102] Score:   0 | Record:   3 | Mean:   0.31 | Epsilon: 0.3587 | Memory:   7190
[Episode  103] Score:   1 | Record:   3 | Mean:   0.32 | Epsilon: 0.3552 | Memory:   7255
[Episode  104] Score:   0 | Record:   3 | Mean:   0.32 | Epsilon: 0.3516 | Memory:   7284
[Episode  105] Score:   2 | Record:   3 | Mean:   0.33 | Epsilon: 0.3481 | Memory:   7360
[Episode  106] Score:   0 | Record:   3 | Mean:   0.33 | Epsilon: 0.3446 | Memory:   7510
[Episode  107] Score:   1 | Record:   3 | Mean:   0.34 | Epsilon: 0.3412 | Memory:   7584
[Episode  108] Score:   0 | Record:   3 | Mean:   0.33 | Epsilon: 0.3378 | Memory:   7600
[Episode  109] Score:   1 | Record:   3 | Mean:   0.34 | Epsilon: 0.3344 | Memory:   7693
[Episode  110] Score:   0 | Record:   3 | Mean:   0.34 | Epsilon: 0.3310 | Memory:   7793
[Episode  111] Score:   2 | Record:   3 | Mean:   0.35 | Epsilon: 0.3277 | Memory:   7840
[Episode  112] Score:   0 | Record:   3 | Mean:   0.35 | Epsilon: 0.3244 | Memory:   7851
[Episode  113] Score:   0 | Record:   3 | Mean:   0.35 | Epsilon: 0.3212 | Memory:   7886
[Episode  114] Score:   0 | Record:   3 | Mean:   0.34 | Epsilon: 0.3180 | Memory:   7927
[Episode  115] Score:   0 | Record:   3 | Mean:   0.34 | Epsilon: 0.3148 | Memory:   7982
[Episode  116] Score:   0 | Record:   3 | Mean:   0.34 | Epsilon: 0.3117 | Memory:   8011
[Episode  117] Score:   1 | Record:   3 | Mean:   0.34 | Epsilon: 0.3085 | Memory:   8081
[Episode  118] Score:   1 | Record:   3 | Mean:   0.35 | Epsilon: 0.3055 | Memory:   8117
[Episode  119] Score:   0 | Record:   3 | Mean:   0.34 | Epsilon: 0.3024 | Memory:   8163
[Episode  120] Score:   0 | Record:   3 | Mean:   0.34 | Epsilon: 0.2994 | Memory:   8184
[Episode  121] Score:   1 | Record:   3 | Mean:   0.35 | Epsilon: 0.2964 | Memory:   8224
[Episode  122] Score:   1 | Record:   3 | Mean:   0.35 | Epsilon: 0.2934 | Memory:   8283
[Episode  123] Score:   0 | Record:   3 | Mean:   0.35 | Epsilon: 0.2905 | Memory:   8297
[Episode  124] Score:   1 | Record:   3 | Mean:   0.35 | Epsilon: 0.2876 | Memory:   8337
[Episode  125] Score:   2 | Record:   3 | Mean:   0.37 | Epsilon: 0.2847 | Memory:   8377
[Episode  126] Score:   0 | Record:   3 | Mean:   0.37 | Epsilon: 0.2819 | Memory:   8415
[Episode  127] Score:   2 | Record:   3 | Mean:   0.38 | Epsilon: 0.2790 | Memory:   8461
[Episode  128] Score:   3 | Record:   3 | Mean:   0.40 | Epsilon: 0.2763 | Memory:   8541
[Episode  129] Score:   2 | Record:   3 | Mean:   0.41 | Epsilon: 0.2735 | Memory:   8590
[Episode  130] Score:   0 | Record:   3 | Mean:   0.41 | Epsilon: 0.2708 | Memory:   8620
[Episode  131] Score:   3 | Record:   3 | Mean:   0.43 | Epsilon: 0.2680 | Memory:   8739
[Episode  132] Score:   3 | Record:   3 | Mean:   0.45 | Epsilon: 0.2654 | Memory:   8784
[Episode  133] Score:   1 | Record:   3 | Mean:   0.45 | Epsilon: 0.2627 | Memory:   8799
[Episode  134] Score:   0 | Record:   3 | Mean:   0.45 | Epsilon: 0.2601 | Memory:   8823
[Episode  135] Score:   2 | Record:   3 | Mean:   0.46 | Epsilon: 0.2575 | Memory:   8881
[Episode  136] Score:   1 | Record:   3 | Mean:   0.46 | Epsilon: 0.2549 | Memory:   8900
[Episode  137] Score:   1 | Record:   3 | Mean:   0.47 | Epsilon: 0.2524 | Memory:   9008
[Episode  138] Score:   1 | Record:   3 | Mean:   0.47 | Epsilon: 0.2498 | Memory:   9052
[Episode  139] Score:   3 | Record:   3 | Mean:   0.49 | Epsilon: 0.2473 | Memory:   9081
[Episode  140] Score:   1 | Record:   3 | Mean:   0.49 | Epsilon: 0.2449 | Memory:   9124
[Episode  141] Score:   3 | Record:   3 | Mean:   0.51 | Epsilon: 0.2424 | Memory:   9170
[Episode  142] Score:   3 | Record:   3 | Mean:   0.53 | Epsilon: 0.2400 | Memory:   9216
[Episode  143] Score:   2 | Record:   3 | Mean:   0.54 | Epsilon: 0.2376 | Memory:   9300
[Episode  144] Score:   0 | Record:   3 | Mean:   0.53 | Epsilon: 0.2352 | Memory:   9335
[Episode  145] Score:   3 | Record:   3 | Mean:   0.55 | Epsilon: 0.2329 | Memory:   9402
[Episode  146] Score:   1 | Record:   3 | Mean:   0.55 | Epsilon: 0.2305 | Memory:   9420
[Episode  147] Score:   2 | Record:   3 | Mean:   0.56 | Epsilon: 0.2282 | Memory:   9483
